<?xml version="1.0" encoding="UTF-8"?>
<!-- Generated by org.testng.reporters.JUnitXMLReporter -->
<testsuite ignored="0" hostname="DESKTOP-9ERABQ6" failures="0" tests="3" name="Test" time="90.418" errors="0" timestamp="2024-02-02T12:22:30 IST">
  <testcase classname="genericUtilities.BaseClass" name="@BeforeMethod methodSetup" time="26.504">
    <failure type="java.lang.AssertionError" message="expected [Home] but found [Login]">
      <![CDATA[java.lang.AssertionError: expected [Home] but found [Login]
at genericUtilities.BaseClass.methodSetup(BaseClass.java:71)
at java.base/java.util.ArrayList.forEach(ArrayList.java:1511)
... Removed 37 stack frames]]>
    </failure>
  </testcase> <!-- @BeforeMethod methodSetup -->
  <testcase classname="genericUtilities.BaseClass" name="@AfterMethod methodTearDown" time="0.0">
    <skipped/>
  </testcase> <!-- @AfterMethod methodTearDown -->
  <testcase classname="genericUtilities.BaseClass" name="@AfterClass classTearDown" time="0.0">
    <skipped/>
  </testcase> <!-- @AfterClass classTearDown -->
  <testcase classname="genericUtilities.BaseClass" name="@BeforeMethod methodSetup" time="28.197">
    <failure type="java.lang.AssertionError" message="expected [Home] but found [Login]">
      <![CDATA[java.lang.AssertionError: expected [Home] but found [Login]
at genericUtilities.BaseClass.methodSetup(BaseClass.java:71)
at java.base/java.util.ArrayList.forEach(ArrayList.java:1511)
... Removed 37 stack frames]]>
    </failure>
  </testcase> <!-- @BeforeMethod methodSetup -->
  <testcase classname="genericUtilities.BaseClass" name="@AfterMethod methodTearDown" time="0.0">
    <skipped/>
  </testcase> <!-- @AfterMethod methodTearDown -->
  <testcase classname="genericUtilities.BaseClass" name="@AfterClass classTearDown" time="0.0">
    <skipped/>
  </testcase> <!-- @AfterClass classTearDown -->
  <testcase classname="genericUtilities.BaseClass" name="@BeforeMethod methodSetup" time="28.505">
    <failure type="java.lang.AssertionError" message="expected [Home] but found [Login]">
      <![CDATA[java.lang.AssertionError: expected [Home] but found [Login]
at genericUtilities.BaseClass.methodSetup(BaseClass.java:71)
at java.base/java.util.ArrayList.forEach(ArrayList.java:1511)
... Removed 37 stack frames]]>
    </failure>
  </testcase> <!-- @BeforeMethod methodSetup -->
  <testcase classname="genericUtilities.BaseClass" name="@AfterMethod methodTearDown" time="0.0">
    <skipped/>
  </testcase> <!-- @AfterMethod methodTearDown -->
  <testcase classname="genericUtilities.BaseClass" name="@AfterClass classTearDown" time="0.0">
    <skipped/>
  </testcase> <!-- @AfterClass classTearDown -->
  <testcase classname="testScripts.AddCategoryTest" name="addCategoryTest" time="0.0">
    <skipped/>
  </testcase> <!-- addCategoryTest -->
  <testcase classname="testScripts.AddCourseTest" name="addCourseTest" time="0.0">
    <skipped/>
  </testcase> <!-- addCourseTest -->
  <testcase classname="testScripts.AddUserTest" name="addUsersTest" time="0.0">
    <skipped/>
  </testcase> <!-- addUsersTest -->
</testsuite> <!-- Test -->
