<?xml version="1.0" encoding="UTF-8"?>
<!-- Generated by org.testng.reporters.JUnitXMLReporter -->
<testsuite ignored="0" hostname="DESKTOP-9ERABQ6" failures="0" tests="1" name="Default test(failed)(failed)" time="2.193" errors="0" timestamp="2024-01-30T13:45:08 IST">
  <testcase classname="genericUtilities.BaseClass" name="@BeforeClass classSetup" time="2.075">
    <failure type="java.lang.NumberFormatException" message="Cannot parse null string">
      <![CDATA[java.lang.NumberFormatException: Cannot parse null string
at java.base/java.lang.Long.parseLong(Long.java:674)
at java.base/java.lang.Long.parseLong(Long.java:836)
at genericUtilities.BaseClass.classSetup(BaseClass.java:51)
at java.base/java.util.ArrayList.forEach(ArrayList.java:1511)
... Removed 25 stack frames]]>
    </failure>
  </testcase> <!-- @BeforeClass classSetup -->
  <testcase classname="genericUtilities.BaseClass" name="@BeforeMethod methodSetup" time="0.0">
    <skipped/>
  </testcase> <!-- @BeforeMethod methodSetup -->
  <testcase classname="genericUtilities.BaseClass" name="@AfterMethod methodTearDown" time="0.0">
    <skipped/>
  </testcase> <!-- @AfterMethod methodTearDown -->
  <testcase classname="genericUtilities.BaseClass" name="@AfterClass classTearDown" time="0.0">
    <skipped/>
  </testcase> <!-- @AfterClass classTearDown -->
  <testcase classname="testScripts.AddCourseTest" name="addCourseTest" time="0.0">
    <skipped/>
  </testcase> <!-- addCourseTest -->
</testsuite> <!-- Default test(failed)(failed) -->
